<?xml version="1.0" encoding="UTF-8"?>
<!-- Generated by org.testng.reporters.JUnitReportReporter -->
<testsuite hostname="JIGGYS-LAPTOP" failures="0" tests="2" name="JiggysProjects.day1" time="0.019" errors="0" timestamp="2025-05-06T17:39:50 GMT" skipped="0">
  <testcase classname="JiggysProjects.day1" name="first" time="0.017"/>
  <testcase classname="JiggysProjects.day1" name="second" time="0.002"/>
</testsuite> <!-- JiggysProjects.day1 -->
