<?xml version="1.0" encoding="UTF-8"?>
<!-- Generated by org.testng.reporters.JUnitReportReporter -->
<testsuite hostname="JIGGYS-LAPTOP" failures="0" tests="2" name="JiggysProjects.tests.SubmitOrderTest" time="34.510" errors="0" timestamp="2025-05-09T17:09:34 GMT" skipped="0">
  <testcase classname="JiggysProjects.tests.SubmitOrderTest" name="submitOrder" time="17.509"/>
  <testcase classname="JiggysProjects.tests.SubmitOrderTest" name="submitOrder" time="17.001"/>
</testsuite> <!-- JiggysProjects.tests.SubmitOrderTest -->
