<?xml version="1.0" encoding="UTF-8"?>
<!-- Generated by org.testng.reporters.JUnitReportReporter -->
<testsuite hostname="JIGGYS-LAPTOP" failures="0" tests="2" name="JiggysProjects.tests.ErrorValidationsTest" time="25.246" errors="0" timestamp="2025-05-08T17:01:39 GMT" skipped="0">
  <testcase classname="JiggysProjects.tests.ErrorValidationsTest" name="ProductErrorValidation" time="17.906"/>
  <testcase classname="JiggysProjects.tests.ErrorValidationsTest" name="LoginErrorValidation" time="7.340"/>
</testsuite> <!-- JiggysProjects.tests.ErrorValidationsTest -->
